npm verbose cli C:\Program Files\nodejs\node.exe C:\Program Files\nodejs\node_modules\npm\bin\npm-cli.js
npm info using npm@10.8.2
npm info using node@v22.5.1
npm verbose title npm install
npm verbose argv "install" "--legacy-peer-deps" "--loglevel" "verbose"
npm verbose logfile logs-max:10 dir:C:\Users\pflav\AppData\Local\npm-cache\_logs\2024-08-13T03_09_00_144Z-
npm verbose logfile C:\Users\pflav\AppData\Local\npm-cache\_logs\2024-08-13T03_09_00_144Z-debug-0.log
npm http fetch GET 200 https://registry.npmjs.org/@faker-js%2ffaker 1874ms (cache revalidated)
npm http fetch GET 200 https://registry.npmjs.org/cypress-mochawesome-reporter 68ms (cache revalidated)
npm http fetch GET 200 https://registry.npmjs.org/cypress-xpath 682ms (cache revalidated)
npm http fetch GET 200 https://registry.npmjs.org/dotenv 63ms (cache revalidated)
npm http fetch GET 200 https://registry.npmjs.org/browserstack-cypress-cli 886ms (cache revalidated)
npm http fetch GET 200 https://registry.npmjs.org/cypress 82ms (cache revalidated)
npm http fetch GET 200 https://registry.npmjs.org/archiver 77ms (cache revalidated)
npm http fetch GET 200 https://registry.npmjs.org/browserstack-local 159ms (cache revalidated)
npm http fetch GET 200 https://registry.npmjs.org/chalk 171ms (cache revalidated)
npm http fetch GET 200 https://registry.npmjs.org/async 184ms (cache revalidated)
npm http fetch GET 200 https://registry.npmjs.org/fs-extra 194ms (cache revalidated)
npm http fetch GET 200 https://registry.npmjs.org/cli-progress 205ms (cache revalidated)
npm http fetch GET 200 https://registry.npmjs.org/gitconfiglocal 73ms (cache revalidated)
npm http fetch GET 200 https://registry.npmjs.org/glob 83ms (cache revalidated)
npm http fetch GET 200 https://registry.npmjs.org/mkdirp 78ms (cache revalidated)
npm http fetch GET 200 https://registry.npmjs.org/mocha 111ms (cache revalidated)
npm http fetch GET 200 https://registry.npmjs.org/node-ipc 102ms (cache revalidated)
npm http fetch GET 200 https://registry.npmjs.org/request 78ms (cache revalidated)
npm http fetch GET 200 https://registry.npmjs.org/requestretry 130ms (cache revalidated)
npm http fetch GET 200 https://registry.npmjs.org/uuid 68ms (cache revalidated)
npm http fetch GET 200 https://registry.npmjs.org/table 93ms (cache revalidated)
npm http fetch GET 200 https://registry.npmjs.org/windows-release 56ms (cache revalidated)
npm http fetch GET 200 https://registry.npmjs.org/winston 67ms (cache revalidated)
npm http fetch GET 200 https://registry.npmjs.org/yargs 69ms (cache revalidated)
npm http fetch GET 200 https://registry.npmjs.org/decompress 58ms (cache revalidated)
npm http fetch GET 200 https://registry.npmjs.org/tmp 67ms (cache revalidated)
npm http fetch GET 200 https://registry.npmjs.org/dayjs 61ms (cache revalidated)
npm http fetch GET 200 https://registry.npmjs.org/debug 57ms (cache revalidated)
npm http fetch GET 200 https://registry.npmjs.org/execa 56ms (cache revalidated)
npm http fetch GET 200 https://registry.npmjs.org/getos 51ms (cache revalidated)
npm http fetch GET 200 https://registry.npmjs.org/is-ci 61ms (cache revalidated)
npm http fetch GET 200 https://registry.npmjs.org/git-last-commit 654ms (cache revalidated)
npm http fetch GET 200 https://registry.npmjs.org/yauzl 56ms (cache revalidated)
npm http fetch GET 200 https://registry.npmjs.org/buffer 56ms (cache revalidated)
npm http fetch GET 200 https://registry.npmjs.org/listr2 66ms (cache revalidated)
npm http fetch GET 200 https://registry.npmjs.org/git-repo-info 655ms (cache revalidated)
npm http fetch GET 200 https://registry.npmjs.org/lodash 70ms (cache revalidated)
npm http fetch GET 200 https://registry.npmjs.org/getmac 829ms (cache revalidated)
npm http fetch GET 200 https://registry.npmjs.org/figures 84ms (cache revalidated)
npm http fetch GET 200 https://registry.npmjs.org/process 89ms (cache revalidated)
npm http fetch GET 200 https://registry.npmjs.org/semver 104ms (cache revalidated)
npm http fetch GET 200 https://registry.npmjs.org/bluebird 74ms (cache revalidated)
npm http fetch GET 200 https://registry.npmjs.org/cachedir 56ms (cache revalidated)
npm http fetch GET 200 https://registry.npmjs.org/enquirer 67ms (cache revalidated)
npm http fetch GET 200 https://registry.npmjs.org/lazy-ass 71ms (cache revalidated)
npm http fetch GET 200 https://registry.npmjs.org/minimist 74ms (cache revalidated)
npm http fetch GET 200 https://registry.npmjs.org/blob-util 57ms (cache revalidated)
npm http fetch GET 200 https://registry.npmjs.org/commander 59ms (cache revalidated)
npm http fetch GET 200 https://registry.npmjs.org/update-notifier 703ms (cache revalidated)
npm http fetch GET 200 https://registry.npmjs.org/untildify 75ms (cache revalidated)
npm http fetch GET 200 https://registry.npmjs.org/cli-cursor 70ms (cache revalidated)
npm http fetch GET 200 https://registry.npmjs.org/cli-table3 61ms (cache revalidated)
npm http fetch GET 200 https://registry.npmjs.org/executable 57ms (cache revalidated)
npm http fetch GET 200 https://registry.npmjs.org/common-tags 62ms (cache revalidated)
npm http fetch GET 200 https://registry.npmjs.org/extract-zip 64ms (cache revalidated)
npm http fetch GET 200 https://registry.npmjs.org/log-symbols 62ms (cache revalidated)
npm http fetch GET 200 https://registry.npmjs.org/pretty-bytes 60ms (cache revalidated)
npm http fetch GET 200 https://registry.npmjs.org/arch 650ms (cache revalidated)
npm http fetch GET 200 https://registry.npmjs.org/eventemitter2 62ms (cache revalidated)
npm http fetch GET 200 https://registry.npmjs.org/supports-color 59ms (cache revalidated)
npm http fetch GET 200 https://registry.npmjs.org/@types%2fsizzle 78ms (cache revalidated)
npm http fetch GET 200 https://registry.npmjs.org/proxy-from-env 70ms (cache revalidated)
npm http fetch GET 200 https://registry.npmjs.org/check-more-types 63ms (cache revalidated)
npm http fetch GET 200 https://registry.npmjs.org/is-installed-globally 67ms (cache revalidated)
npm http fetch GET 200 https://registry.npmjs.org/@cypress%2frequest 98ms (cache revalidated)
npm http fetch GET 200 https://registry.npmjs.org/ospath 661ms (cache revalidated)
npm http fetch GET 200 https://registry.npmjs.org/request-progress 675ms (cache revalidated)
npm http fetch GET 200 https://registry.npmjs.org/mochawesome-report-generator 638ms (cache revalidated)
npm http fetch GET 200 https://registry.npmjs.org/mochawesome 657ms (cache revalidated)
npm http fetch GET 200 https://registry.npmjs.org/mochawesome-merge 669ms (cache revalidated)
npm http fetch GET 200 https://registry.npmjs.org/@types%2fsinonjs__fake-timers 1231ms (cache revalidated)
npm http fetch GET 200 https://registry.npmjs.org/@cypress%2fxvfb 1419ms (cache revalidated)
npm http fetch GET 200 https://registry.npmjs.org/buffer-crc32 61ms (cache revalidated)
npm http fetch GET 200 https://registry.npmjs.org/readable-stream 63ms (cache revalidated)
npm http fetch GET 200 https://registry.npmjs.org/https-proxy-agent 71ms (cache revalidated)
npm http fetch GET 200 https://registry.npmjs.org/zip-stream 75ms (cache revalidated)
npm http fetch GET 200 https://registry.npmjs.org/archiver-utils 78ms (cache revalidated)
npm http fetch GET 200 https://registry.npmjs.org/readdir-glob 79ms (cache revalidated)
npm http fetch GET 200 https://registry.npmjs.org/tar-stream 83ms (cache revalidated)
npm http fetch GET 200 https://registry.npmjs.org/ps-tree 66ms (cache revalidated)
npm http fetch GET 200 https://registry.npmjs.org/is-running 74ms (cache revalidated)
npm http fetch GET 200 https://registry.npmjs.org/agent-base 67ms (cache revalidated)
npm http fetch GET 200 https://registry.npmjs.org/temp-fs 74ms (cache revalidated)
npm http fetch GET 200 https://registry.npmjs.org/ansi-styles 72ms (cache revalidated)
npm http fetch GET 200 https://registry.npmjs.org/decompress-tar 72ms (cache revalidated)
npm http fetch GET 200 https://registry.npmjs.org/string-width 84ms (cache revalidated)
npm http fetch GET 200 https://registry.npmjs.org/decompress-targz 58ms (cache revalidated)
npm http fetch GET 200 https://registry.npmjs.org/decompress-tarbz2 64ms (cache revalidated)
npm http fetch GET 200 https://registry.npmjs.org/make-dir 61ms (cache revalidated)
npm http fetch GET 200 https://registry.npmjs.org/pify 59ms (cache revalidated)
npm http fetch GET 200 https://registry.npmjs.org/jsonfile 54ms (cache revalidated)
npm http fetch GET 200 https://registry.npmjs.org/universalify 60ms (cache revalidated)
npm http fetch GET 200 https://registry.npmjs.org/graceful-fs 127ms (cache revalidated)
npm http fetch GET 200 https://registry.npmjs.org/@types%2fnode 102ms (cache revalidated)
npm http fetch GET 200 https://registry.npmjs.org/ini 169ms (cache revalidated)
npm http fetch GET 200 https://registry.npmjs.org/graceful-fs 233ms (cache revalidated)
npm http fetch GET 200 https://registry.npmjs.org/once 156ms (cache revalidated)
npm http fetch GET 200 https://registry.npmjs.org/inflight 155ms (cache revalidated)
npm http fetch GET 200 https://registry.npmjs.org/fs.realpath 53ms (cache revalidated)
npm http fetch GET 200 https://registry.npmjs.org/ansi-colors 55ms (cache revalidated)
npm http fetch GET 200 https://registry.npmjs.org/inherits 69ms (cache revalidated)
npm http fetch GET 200 https://registry.npmjs.org/minimatch 72ms (cache revalidated)
npm http fetch GET 200 https://registry.npmjs.org/path-is-absolute 86ms (cache revalidated)
npm http fetch GET 200 https://registry.npmjs.org/browser-stdout 54ms (cache revalidated)
npm http fetch GET 200 https://registry.npmjs.org/chokidar 60ms (cache revalidated)
npm http fetch GET 200 https://registry.npmjs.org/diff 65ms (cache revalidated)
npm http fetch GET 200 https://registry.npmjs.org/escape-string-regexp 63ms (cache revalidated)
npm http fetch GET 200 https://registry.npmjs.org/find-up 58ms (cache revalidated)
npm http fetch GET 200 https://registry.npmjs.org/he 71ms (cache revalidated)
npm http fetch GET 200 https://registry.npmjs.org/ms 55ms (cache revalidated)
npm http fetch GET 200 https://registry.npmjs.org/js-yaml 65ms (cache revalidated)
npm http fetch GET 200 https://registry.npmjs.org/yargs 12ms (cache hit)
npm http fetch GET 200 https://registry.npmjs.org/serialize-javascript 83ms (cache revalidated)
npm http fetch GET 200 https://registry.npmjs.org/strip-json-comments 69ms (cache revalidated)
npm http fetch GET 200 https://registry.npmjs.org/workerpool 61ms (cache revalidated)
npm http fetch GET 200 https://registry.npmjs.org/yargs-parser 58ms (cache revalidated)
npm http fetch GET 200 https://registry.npmjs.org/yargs-unparser 65ms (cache revalidated)
npm http fetch GET 200 https://registry.npmjs.org/js-message 60ms (cache revalidated)
npm http fetch GET 200 https://registry.npmjs.org/js-queue 64ms (cache revalidated)
npm http fetch GET 200 https://registry.npmjs.org/qs 55ms (cache revalidated)
npm http fetch GET 200 https://registry.npmjs.org/event-pubsub 72ms (cache revalidated)
npm http fetch GET 200 https://registry.npmjs.org/caseless 55ms (cache revalidated)
npm http fetch GET 200 https://registry.npmjs.org/extend 58ms (cache revalidated)
npm http fetch GET 200 https://registry.npmjs.org/aws4 63ms (cache revalidated)
npm http fetch GET 200 https://registry.npmjs.org/isstream 57ms (cache revalidated)
npm http fetch GET 200 https://registry.npmjs.org/aws-sign2 52ms (cache revalidated)
npm http fetch GET 200 https://registry.npmjs.org/strip-dirs 641ms (cache revalidated)
npm http fetch GET 200 https://registry.npmjs.org/decompress-unzip 673ms (cache revalidated)
npm http fetch GET 200 https://registry.npmjs.org/form-data 67ms (cache revalidated)
npm http fetch GET 200 https://registry.npmjs.org/oauth-sign 67ms (cache revalidated)
npm http fetch GET 200 https://registry.npmjs.org/safe-buffer 59ms (cache revalidated)
npm http fetch GET 200 https://registry.npmjs.org/tough-cookie 61ms (cache revalidated)
npm http fetch GET 200 https://registry.npmjs.org/tunnel-agent 62ms (cache revalidated)
npm http fetch GET 200 https://registry.npmjs.org/forever-agent 52ms (cache revalidated)
npm http fetch GET 200 https://registry.npmjs.org/har-validator 58ms (cache revalidated)
npm http fetch GET 200 https://registry.npmjs.org/is-typedarray 62ms (cache revalidated)
npm http fetch GET 200 https://registry.npmjs.org/json-stringify-safe 65ms (cache revalidated)
npm http fetch GET 200 https://registry.npmjs.org/http-signature 79ms (cache revalidated)
npm http fetch GET 200 https://registry.npmjs.org/performance-now 71ms (cache revalidated)
npm http fetch GET 200 https://registry.npmjs.org/combined-stream 109ms (cache revalidated)
npm http fetch GET 200 https://registry.npmjs.org/ajv 85ms (cache revalidated)
npm http fetch GET 200 https://registry.npmjs.org/slice-ansi 96ms (cache revalidated)
npm http fetch GET 200 https://registry.npmjs.org/boxen 75ms (cache revalidated)
npm http fetch GET 200 https://registry.npmjs.org/is-npm 79ms (cache revalidated)
npm http fetch GET 200 https://registry.npmjs.org/configstore 72ms (cache revalidated)
npm http fetch GET 200 https://registry.npmjs.org/import-lazy 74ms (cache revalidated)
npm http fetch GET 200 https://registry.npmjs.org/semver-diff 61ms (cache revalidated)
npm http fetch GET 200 https://registry.npmjs.org/xdg-basedir 69ms (cache revalidated)
npm http fetch GET 200 https://registry.npmjs.org/cycle 55ms (cache revalidated)
npm http fetch GET 200 https://registry.npmjs.org/latest-version 66ms (cache revalidated)
npm http fetch GET 200 https://registry.npmjs.org/eyes 73ms (cache revalidated)
npm http fetch GET 200 https://registry.npmjs.org/colors 69ms (cache revalidated)
npm http fetch GET 200 https://registry.npmjs.org/stack-trace 71ms (cache revalidated)
npm http fetch GET 200 https://registry.npmjs.org/y18n 76ms (cache revalidated)
npm http fetch GET 200 https://registry.npmjs.org/cliui 67ms (cache revalidated)
npm http fetch GET 200 https://registry.npmjs.org/decamelize 71ms (cache revalidated)
npm http fetch GET 200 https://registry.npmjs.org/set-blocking 78ms (cache revalidated)
npm http fetch GET 200 https://registry.npmjs.org/which-module 74ms (cache revalidated)
npm http fetch GET 200 https://registry.npmjs.org/get-caller-file 72ms (cache revalidated)
npm http fetch GET 200 https://registry.npmjs.org/require-main-filename 158ms (cache revalidated)
npm http fetch GET 200 https://registry.npmjs.org/mime-types 680ms (cache revalidated)
npm http fetch GET 200 https://registry.npmjs.org/require-directory 316ms (cache revalidated)
npm http fetch GET 200 https://registry.npmjs.org/pupa 762ms (cache revalidated)
npm http fetch GET 200 https://registry.npmjs.org/is-in-ci 1026ms (cache revalidated)
npm http fetch GET 200 https://registry.npmjs.org/lazystream 72ms (cache revalidated)
npm http fetch GET 200 https://registry.npmjs.org/lodash.union 73ms (cache revalidated)
npm http fetch GET 200 https://registry.npmjs.org/lodash.flatten 75ms (cache revalidated)
npm http fetch GET 200 https://registry.npmjs.org/lodash.isplainobject 77ms (cache revalidated)
npm http fetch GET 200 https://registry.npmjs.org/lodash.defaults 85ms (cache revalidated)
npm http fetch GET 200 https://registry.npmjs.org/normalize-path 85ms (cache revalidated)
npm http fetch GET 200 https://registry.npmjs.org/lodash.difference 90ms (cache revalidated)
npm http fetch GET 200 https://registry.npmjs.org/util-deprecate 70ms (cache revalidated)
npm http fetch GET 200 https://registry.npmjs.org/bl 74ms (cache revalidated)
npm http fetch GET 200 https://registry.npmjs.org/fs-constants 69ms (cache revalidated)
npm http fetch GET 200 https://registry.npmjs.org/end-of-stream 77ms (cache revalidated)
npm http fetch GET 200 https://registry.npmjs.org/string_decoder 88ms (cache revalidated)
npm http fetch GET 200 https://registry.npmjs.org/compress-commons 75ms (cache revalidated)
npm http fetch GET 200 https://registry.npmjs.org/process-nextick-args 61ms (cache revalidated)
npm http fetch GET 200 https://registry.npmjs.org/isarray 64ms (cache revalidated)
npm http fetch GET 200 https://registry.npmjs.org/core-util-is 334ms (cache revalidated)
npm http fetch GET 200 https://registry.npmjs.org/rimraf 57ms (cache revalidated)
npm http fetch GET 200 https://registry.npmjs.org/event-stream 62ms (cache revalidated)
npm http fetch GET 200 https://registry.npmjs.org/has-flag 53ms (cache revalidated)
npm http fetch GET 200 https://registry.npmjs.org/color-convert 72ms (cache revalidated)
npm http fetch GET 200 https://registry.npmjs.org/color-name 51ms (cache revalidated)
npm http fetch GET 200 https://registry.npmjs.org/emoji-regex 55ms (cache revalidated)
npm http fetch GET 200 https://registry.npmjs.org/is-fullwidth-code-point 59ms (cache revalidated)
npm http fetch GET 200 https://registry.npmjs.org/strip-ansi 63ms (cache revalidated)
npm http fetch GET 200 https://registry.npmjs.org/restore-cursor 62ms (cache revalidated)
npm http fetch GET 200 https://registry.npmjs.org/base64-js 69ms (cache revalidated)
npm http fetch GET 200 https://registry.npmjs.org/is-stream 69ms (cache revalidated)
npm http fetch GET 200 https://registry.npmjs.org/lodash.once 79ms (cache revalidated)
npm http fetch GET 200 https://registry.npmjs.org/onetime 77ms (cache revalidated)
npm http fetch GET 200 https://registry.npmjs.org/ieee754 81ms (cache revalidated)
npm http fetch GET 200 https://registry.npmjs.org/@colors%2fcolors 95ms (cache revalidated)
npm http fetch GET 200 https://registry.npmjs.org/get-stream 57ms (cache revalidated)
npm http fetch GET 200 https://registry.npmjs.org/cross-spawn 62ms (cache revalidated)
npm http fetch GET 200 https://registry.npmjs.org/signal-exit 62ms (cache revalidated)
npm http fetch GET 200 https://registry.npmjs.org/merge-stream 62ms (cache revalidated)
npm http fetch GET 200 https://registry.npmjs.org/strip-final-newline 51ms (cache revalidated)
npm http fetch GET 200 https://registry.npmjs.org/npm-run-path 71ms (cache revalidated)
npm http fetch GET 200 https://registry.npmjs.org/human-signals 74ms (cache revalidated)
npm http fetch GET 200 https://registry.npmjs.org/ci-info 55ms (cache revalidated)
npm http fetch GET 200 https://registry.npmjs.org/@types%2fyauzl 70ms (cache revalidated)
npm http fetch GET 200 https://registry.npmjs.org/at-least-node 62ms (cache revalidated)
npm http fetch GET 200 https://registry.npmjs.org/global-dirs 59ms (cache revalidated)
npm http fetch GET 200 https://registry.npmjs.org/is-path-inside 60ms (cache revalidated)
npm http fetch GET 200 https://registry.npmjs.org/rxjs 74ms (cache revalidated)
npm http fetch GET 200 https://registry.npmjs.org/rfdc 90ms (cache revalidated)
npm http fetch GET 200 https://registry.npmjs.org/colorette 55ms (cache revalidated)
npm http fetch GET 200 https://registry.npmjs.org/through 61ms (cache revalidated)
npm http fetch GET 200 https://registry.npmjs.org/wrap-ansi 67ms (cache revalidated)
npm http fetch GET 200 https://registry.npmjs.org/log-update 57ms (cache revalidated)
npm http fetch GET 200 https://registry.npmjs.org/is-unicode-supported 64ms (cache revalidated)
npm http fetch GET 200 https://registry.npmjs.org/throttleit 59ms (cache revalidated)
npm http fetch GET 200 https://registry.npmjs.org/cli-truncate 70ms (cache revalidated)
npm http fetch GET 200 https://registry.npmjs.org/fd-slicer 57ms (cache revalidated)
npm http fetch GET 200 https://registry.npmjs.org/p-map 689ms (cache revalidated)
npm http fetch GET 200 https://registry.npmjs.org/delayed-stream 61ms (cache revalidated)
npm http fetch GET 200 https://registry.npmjs.org/jsprim 68ms (cache revalidated)
npm http fetch GET 200 https://registry.npmjs.org/assert-plus 70ms (cache revalidated)
npm http fetch GET 200 https://registry.npmjs.org/side-channel 69ms (cache revalidated)
npm http fetch GET 200 https://registry.npmjs.org/mime-db 74ms (cache revalidated)
npm http fetch GET 200 https://registry.npmjs.org/sshpk 77ms (cache revalidated)
npm http fetch GET 200 https://registry.npmjs.org/asynckit 82ms (cache revalidated)
npm http fetch GET 200 https://registry.npmjs.org/url-parse 59ms (cache revalidated)
npm http fetch GET 200 https://registry.npmjs.org/psl 71ms (cache revalidated)
npm http fetch GET 200 https://registry.npmjs.org/punycode 68ms (cache revalidated)
npm http fetch GET 200 https://registry.npmjs.org/yargs 18ms (cache hit)
npm http fetch GET 200 https://registry.npmjs.org/escape-html 61ms (cache revalidated)
npm http fetch GET 200 https://registry.npmjs.org/dateformat 63ms (cache revalidated)
npm http fetch GET 200 https://registry.npmjs.org/lodash.isstring 69ms (cache revalidated)
npm http fetch GET 200 https://registry.npmjs.org/lodash.isfunction 72ms (cache revalidated)
npm http fetch GET 200 https://registry.npmjs.org/lodash.isfunction 53ms (cache revalidated)
npm http fetch GET 200 https://registry.npmjs.org/prop-types 59ms (cache revalidated)
npm http fetch GET 200 https://registry.npmjs.org/validator 56ms (cache revalidated)
npm http fetch GET 200 https://registry.npmjs.org/yargs 7ms (cache hit)
npm http fetch GET 200 https://registry.npmjs.org/lodash.isobject 656ms (cache revalidated)
npm http fetch GET 200 https://registry.npmjs.org/lodash.isempty 663ms (cache revalidated)
npm http fetch GET 200 https://registry.npmjs.org/fsu 654ms (cache revalidated)
npm http fetch GET 200 https://registry.npmjs.org/opener 662ms (cache revalidated)
npm http fetch GET 200 https://registry.npmjs.org/tcomb-validation 620ms (cache revalidated)
npm http fetch GET 200 https://registry.npmjs.org/tcomb 677ms (cache revalidated)
npm http fetch GET 200 https://registry.npmjs.org/file-type 84ms (cache revalidated)
npm http fetch GET 200 https://registry.npmjs.org/seek-bzip 89ms (cache revalidated)
npm http fetch GET 200 https://registry.npmjs.org/file-type 91ms (cache revalidated)
npm http fetch GET 200 https://registry.npmjs.org/file-type 102ms (cache revalidated)
npm http fetch GET 200 https://registry.npmjs.org/file-type 105ms (cache revalidated)
npm http fetch GET 200 https://registry.npmjs.org/unbzip2-stream 113ms (cache revalidated)
npm http fetch GET 200 https://registry.npmjs.org/is-natural-number 659ms (cache revalidated)
npm http fetch GET 200 https://registry.npmjs.org/to-buffer 93ms (cache revalidated)
npm http fetch GET 200 https://registry.npmjs.org/xtend 94ms (cache revalidated)
npm http fetch GET 200 https://registry.npmjs.org/buffer-alloc 102ms (cache revalidated)
npm http fetch GET 200 https://registry.npmjs.org/object-assign 58ms (cache revalidated)
npm http fetch GET 200 https://registry.npmjs.org/pinkie-promise 62ms (cache revalidated)
npm http fetch GET 200 https://registry.npmjs.org/ansi-regex 57ms (cache revalidated)
npm http fetch GET 200 https://registry.npmjs.org/path-key 62ms (cache revalidated)
npm http fetch GET 200 https://registry.npmjs.org/pump 65ms (cache revalidated)
npm http fetch GET 200 https://registry.npmjs.org/shebang-command 68ms (cache revalidated)
npm http fetch GET 200 https://registry.npmjs.org/path-key 69ms (cache revalidated)
npm http fetch GET 200 https://registry.npmjs.org/which 73ms (cache revalidated)
npm http fetch GET 200 https://registry.npmjs.org/mimic-fn 90ms (cache revalidated)
npm http fetch GET 200 https://registry.npmjs.org/shebang-regex 60ms (cache revalidated)
npm http fetch GET 200 https://registry.npmjs.org/isexe 61ms (cache revalidated)
npm http fetch GET 200 https://registry.npmjs.org/@types%2fnode 23ms (cache hit)
npm http fetch GET 200 https://registry.npmjs.org/undici-types 59ms (cache revalidated)
npm http fetch GET 200 https://registry.npmjs.org/pinkie 69ms (cache revalidated)
npm http fetch GET 200 https://registry.npmjs.org/wrappy 55ms (cache revalidated)
npm http fetch GET 200 https://registry.npmjs.org/brace-expansion 60ms (cache revalidated)
npm http fetch GET 200 https://registry.npmjs.org/wrappy 68ms (cache revalidated)
npm http fetch GET 200 https://registry.npmjs.org/json-schema 62ms (cache revalidated)
npm http fetch GET 200 https://registry.npmjs.org/safer-buffer 64ms (cache revalidated)
npm http fetch GET 200 https://registry.npmjs.org/verror 67ms (cache revalidated)
npm http fetch GET 200 https://registry.npmjs.org/asn1 72ms (cache revalidated)
npm http fetch GET 200 https://registry.npmjs.org/getpass 73ms (cache revalidated)
npm http fetch GET 200 https://registry.npmjs.org/dashdash 74ms (cache revalidated)
npm http fetch GET 200 https://registry.npmjs.org/extsprintf 77ms (cache revalidated)
npm http fetch GET 200 https://registry.npmjs.org/ecc-jsbn 64ms (cache revalidated)
npm http fetch GET 200 https://registry.npmjs.org/bcrypt-pbkdf 59ms (cache revalidated)
npm http fetch GET 200 https://registry.npmjs.org/jsbn 71ms (cache revalidated)
npm http fetch GET 200 https://registry.npmjs.org/tweetnacl 70ms (cache revalidated)
npm http fetch GET 200 https://registry.npmjs.org/ansi-escapes 61ms (cache revalidated)
npm http fetch GET 200 https://registry.npmjs.org/aggregate-error 62ms (cache revalidated)
npm http fetch GET 200 https://registry.npmjs.org/tslib 64ms (cache revalidated)
npm http fetch GET 200 https://registry.npmjs.org/astral-regex 57ms (cache revalidated)
npm http fetch GET 200 https://registry.npmjs.org/type-fest 72ms (cache revalidated)
npm http fetch GET 200 https://registry.npmjs.org/concat-map 54ms (cache revalidated)
npm http fetch GET 200 https://registry.npmjs.org/balanced-match 55ms (cache revalidated)
npm http fetch GET 200 https://registry.npmjs.org/is-binary-path 64ms (cache revalidated)
npm http fetch GET 200 https://registry.npmjs.org/fsevents 66ms (cache revalidated)
npm http fetch GET 200 https://registry.npmjs.org/braces 71ms (cache revalidated)
npm http fetch GET 200 https://registry.npmjs.org/readdirp 73ms (cache revalidated)
npm http fetch GET 200 https://registry.npmjs.org/anymatch 77ms (cache revalidated)
npm http fetch GET 200 https://registry.npmjs.org/glob-parent 80ms (cache revalidated)
npm http fetch GET 200 https://registry.npmjs.org/is-glob 83ms (cache revalidated)
npm http fetch GET 200 https://registry.npmjs.org/path-exists 70ms (cache revalidated)
npm http fetch GET 200 https://registry.npmjs.org/randombytes 65ms (cache revalidated)
npm http fetch GET 200 https://registry.npmjs.org/locate-path 79ms (cache revalidated)
npm http fetch GET 200 https://registry.npmjs.org/argparse 72ms (cache revalidated)
npm http fetch GET 200 https://registry.npmjs.org/escalade 78ms (cache revalidated)
npm http fetch GET 200 https://registry.npmjs.org/camelcase 75ms (cache revalidated)
npm http fetch GET 200 https://registry.npmjs.org/flat 74ms (cache revalidated)
npm http fetch GET 200 https://registry.npmjs.org/is-plain-obj 55ms (cache revalidated)
npm http fetch GET 200 https://registry.npmjs.org/fill-range 59ms (cache revalidated)
npm http fetch GET 200 https://registry.npmjs.org/binary-extensions 61ms (cache revalidated)
npm http fetch GET 200 https://registry.npmjs.org/picomatch 63ms (cache revalidated)
npm http fetch GET 200 https://registry.npmjs.org/is-extglob 66ms (cache revalidated)
npm http fetch GET 200 https://registry.npmjs.org/picomatch 71ms (cache revalidated)
npm http fetch GET 200 https://registry.npmjs.org/to-regex-range 60ms (cache revalidated)
npm http fetch GET 200 https://registry.npmjs.org/is-number 63ms (cache revalidated)
npm http fetch GET 200 https://registry.npmjs.org/p-locate 57ms (cache revalidated)
npm http fetch GET 200 https://registry.npmjs.org/p-limit 57ms (cache revalidated)
npm http fetch GET 200 https://registry.npmjs.org/loose-envify 63ms (cache revalidated)
npm http fetch GET 200 https://registry.npmjs.org/react-is 86ms (cache revalidated)
npm http fetch GET 200 https://registry.npmjs.org/easy-stack 65ms (cache revalidated)
npm http fetch GET 200 https://registry.npmjs.org/yocto-queue 63ms (cache revalidated)
npm http fetch GET 200 https://registry.npmjs.org/indent-string 53ms (cache revalidated)
npm http fetch GET 200 https://registry.npmjs.org/clean-stack 55ms (cache revalidated)
npm http fetch GET 200 https://registry.npmjs.org/js-tokens 54ms (cache revalidated)
npm http fetch GET 200 https://registry.npmjs.org/from 58ms (cache revalidated)
npm http fetch GET 200 https://registry.npmjs.org/pause-stream 59ms (cache revalidated)
npm http fetch GET 200 https://registry.npmjs.org/map-stream 60ms (cache revalidated)
npm http fetch GET 200 https://registry.npmjs.org/duplexer 62ms (cache revalidated)
npm http fetch GET 200 https://registry.npmjs.org/split 65ms (cache revalidated)
npm http fetch GET 200 https://registry.npmjs.org/stream-combiner 966ms (cache revalidated)
npm http fetch GET 200 https://registry.npmjs.org/get-intrinsic 56ms (cache revalidated)
npm http fetch GET 200 https://registry.npmjs.org/object-inspect 58ms (cache revalidated)
npm http fetch GET 200 https://registry.npmjs.org/call-bind 61ms (cache revalidated)
npm http fetch GET 200 https://registry.npmjs.org/es-errors 65ms (cache revalidated)
npm http fetch GET 200 https://registry.npmjs.org/ajv 11ms (cache hit)
npm http fetch GET 200 https://registry.npmjs.org/har-schema 56ms (cache revalidated)
npm http fetch GET 200 https://registry.npmjs.org/fast-deep-equal 56ms (cache revalidated)
npm http fetch GET 200 https://registry.npmjs.org/json-schema-traverse 63ms (cache revalidated)
npm http fetch GET 200 https://registry.npmjs.org/uri-js 65ms (cache revalidated)
npm http fetch GET 200 https://registry.npmjs.org/fast-json-stable-stringify 68ms (cache revalidated)
npm http fetch GET 200 https://registry.npmjs.org/es-define-property 70ms (cache revalidated)
npm http fetch GET 200 https://registry.npmjs.org/has-proto 69ms (cache revalidated)
npm http fetch GET 200 https://registry.npmjs.org/function-bind 72ms (cache revalidated)
npm http fetch GET 200 https://registry.npmjs.org/function-bind 72ms (cache revalidated)
npm http fetch GET 200 https://registry.npmjs.org/hasown 71ms (cache revalidated)
npm http fetch GET 200 https://registry.npmjs.org/has-symbols 71ms (cache revalidated)
npm http fetch GET 200 https://registry.npmjs.org/set-function-length 75ms (cache revalidated)
npm http fetch GET 200 https://registry.npmjs.org/define-data-property 54ms (cache revalidated)
npm http fetch GET 200 https://registry.npmjs.org/gopd 57ms (cache revalidated)
npm http fetch GET 200 https://registry.npmjs.org/has-property-descriptors 75ms (cache revalidated)
npm http fetch GET 200 https://registry.npmjs.org/requires-port 54ms (cache revalidated)
npm http fetch GET 200 https://registry.npmjs.org/querystringify 58ms (cache revalidated)
npm http fetch GET 200 https://registry.npmjs.org/write-file-atomic 58ms (cache revalidated)
npm http fetch GET 200 https://registry.npmjs.org/cli-boxes 66ms (cache revalidated)
npm http fetch GET 200 https://registry.npmjs.org/unique-string 63ms (cache revalidated)
npm http fetch GET 200 https://registry.npmjs.org/widest-line 67ms (cache revalidated)
npm http fetch GET 200 https://registry.npmjs.org/ansi-align 67ms (cache revalidated)
npm http fetch GET 200 https://registry.npmjs.org/dot-prop 68ms (cache revalidated)
npm http fetch GET 200 https://registry.npmjs.org/package-json 69ms (cache revalidated)
npm http fetch GET 200 https://registry.npmjs.org/escape-goat 53ms (cache revalidated)
npm http fetch GET 200 https://registry.npmjs.org/eastasianwidth 55ms (cache revalidated)
npm http fetch GET 200 https://registry.npmjs.org/crypto-random-string 53ms (cache revalidated)
npm http fetch GET 200 https://registry.npmjs.org/is-obj 55ms (cache revalidated)
npm http fetch GET 200 https://registry.npmjs.org/imurmurhash 60ms (cache revalidated)
npm http fetch GET 200 https://registry.npmjs.org/typedarray-to-buffer 61ms (cache revalidated)
npm http fetch GET 200 https://registry.npmjs.org/registry-url 54ms (cache revalidated)
npm http fetch GET 200 https://registry.npmjs.org/got 60ms (cache revalidated)
npm http fetch GET 200 https://registry.npmjs.org/registry-auth-token 72ms (cache revalidated)
npm http fetch GET 200 https://registry.npmjs.org/responselike 60ms (cache revalidated)
npm http fetch GET 200 https://registry.npmjs.org/lowercase-keys 63ms (cache revalidated)
npm http fetch GET 200 https://registry.npmjs.org/p-cancelable 66ms (cache revalidated)
npm http fetch GET 200 https://registry.npmjs.org/http2-wrapper 69ms (cache revalidated)
npm http fetch GET 200 https://registry.npmjs.org/cacheable-lookup 83ms (cache revalidated)
npm http fetch GET 200 https://registry.npmjs.org/@sindresorhus%2fis 101ms (cache revalidated)
npm http fetch GET 200 https://registry.npmjs.org/form-data-encoder 62ms (cache revalidated)
npm http fetch GET 200 https://registry.npmjs.org/@szmarczak%2fhttp-timer 200ms (cache revalidated)
npm http fetch GET 200 https://registry.npmjs.org/@pnpm%2fnpm-conf 441ms (cache revalidated)
npm http fetch GET 200 https://registry.npmjs.org/rc 428ms (cache revalidated)
npm http fetch GET 200 https://registry.npmjs.org/decompress-response 674ms (cache revalidated)
npm http fetch GET 200 https://registry.npmjs.org/cacheable-request 790ms (cache revalidated)
npm http fetch GET 200 https://registry.npmjs.org/normalize-url 180ms (cache revalidated)
npm http fetch GET 200 https://registry.npmjs.org/mimic-response 182ms (cache revalidated)
npm http fetch GET 200 https://registry.npmjs.org/resolve-alpn 51ms (cache revalidated)
npm http fetch GET 200 https://registry.npmjs.org/quick-lru 58ms (cache revalidated)
npm http fetch GET 200 https://registry.npmjs.org/mimic-response 342ms (cache revalidated)
npm http fetch GET 200 https://registry.npmjs.org/defer-to-connect 353ms (cache revalidated)
npm http fetch GET 200 https://registry.npmjs.org/keyv 355ms (cache revalidated)
npm http fetch GET 200 https://registry.npmjs.org/http-cache-semantics 359ms (cache revalidated)
npm http fetch GET 200 https://registry.npmjs.org/@types%2fhttp-cache-semantics 1277ms (cache revalidated)
npm http fetch GET 200 https://registry.npmjs.org/json-buffer 55ms (cache revalidated)
npm http fetch GET 200 https://registry.npmjs.org/@pnpm%2fconfig.env-replace 91ms (cache revalidated)
npm http fetch GET 200 https://registry.npmjs.org/config-chain 116ms (cache revalidated)
npm http fetch GET 200 https://registry.npmjs.org/@pnpm%2fnetwork.ca-file 135ms (cache revalidated)
npm http fetch GET 200 https://registry.npmjs.org/proto-list 59ms (cache revalidated)
npm http fetch GET 200 https://registry.npmjs.org/deep-extend 57ms (cache revalidated)
npm http fetch GET 200 https://registry.npmjs.org/pend 51ms (cache revalidated)
npm http fetch GET 200 https://registry.npmjs.org/crc32-stream 59ms (cache revalidated)
npm http fetch GET 200 https://registry.npmjs.org/crc-32 61ms (cache revalidated)
npm http fetch GET 200 https://registry.npmjs.org/buffer-fill 51ms (cache revalidated)
npm http fetch GET 200 https://registry.npmjs.org/buffer-alloc-unsafe 51ms (cache revalidated)
npm http fetch GET 200 https://registry.npmjs.org/p-try 60ms (cache revalidated)
npm verbose reify failed optional dependency C:\Users\pflav\gitHub\pgats-web-aula\tmpBstackPackages\node_modules\fsevents
npm http fetch POST 200 https://registry.npmjs.org/-/npm/v1/security/advisories/bulk 811ms
npm warn deprecated inflight@1.0.6: This module is not supported, and leaks memory. Do not use it. Check out lru-cache if you want a good and tested way to coalesce async requests by a key value, which is much more comprehensive and powerful.
npm warn deprecated rimraf@2.5.4: Rimraf versions prior to v4 are no longer supported
npm warn deprecated cypress-xpath@2.0.1: Package no longer supported. Contact Support at https://www.npmjs.com/support for more info.
npm warn deprecated har-validator@5.1.5: this library is no longer supported
npm warn deprecated glob@7.2.3: Glob versions prior to v9 are no longer supported
npm http fetch GET 200 https://registry.npmjs.org/request 1055ms (cache revalidated)
npm http fetch GET 200 https://registry.npmjs.org/tough-cookie 1062ms (cache revalidated)
npm warn deprecated glob@8.1.0: Glob versions prior to v9 are no longer supported
npm warn deprecated uuid@3.4.0: Please upgrade  to version 7 or higher.  Older versions may use Math.random() in certain circumstances, which is known to be problematic.  See https://v8.dev/blog/math-random for details.
npm warn deprecated request@2.88.2: request has been deprecated, see https://github.com/request/request/issues/3142
npm http fetch GET 200 https://registry.npmjs.org/browserstack-cypress-cli 1170ms (cache revalidated)
npm info run cypress@13.13.2 postinstall node_modules/cypress node index.js --exec install
npm info run cypress@13.13.2 postinstall { code: 0, signal: null }

added 503 packages, and audited 504 packages in 46s

97 packages are looking for funding
  run `npm fund` for details

3 moderate severity vulnerabilities

To address all issues (including breaking changes), run:
  npm audit fix --force

Run `npm audit` for details.
npm verbose cwd C:\Users\pflav\gitHub\pgats-web-aula\tmpBstackPackages
npm verbose os Windows_NT 10.0.22635
npm verbose node v22.5.1
npm verbose npm  v10.8.2
npm verbose exit 0
npm info ok
